[11:08:17] [ServerMain/INFO]: Environment: authHost='https://authserver.mojang.com', accountsHost='https://api.mojang.com', sessionHost='https://sessionserver.mojang.com', servicesHost='https://api.minecraftservices.com', name='PROD'
[11:08:18] [ServerMain/INFO]: Loaded 7 recipes
[11:08:18] [ServerMain/INFO]: Loaded 1271 advancements
[11:08:19] [Server thread/INFO]: Starting minecraft server version 1.20.1
[11:08:19] [Server thread/INFO]: Loading properties
[11:08:19] [Server thread/INFO]: Default game type: SURVIVAL
[11:08:19] [Server thread/INFO]: Generating keypair
[11:08:19] [Server thread/INFO]: Starting Minecraft server on *:25565
[11:08:19] [Server thread/INFO]: Using epoll channel type
[11:08:19] [Server thread/WARN]: **** SERVER IS RUNNING IN OFFLINE/INSECURE MODE!
[11:08:19] [Server thread/WARN]: The server will make no attempt to authenticate usernames. Beware.
[11:08:19] [Server thread/WARN]: While this makes the game possible to play without internet access, it also opens up the ability for hackers to connect with any username they choose.
[11:08:19] [Server thread/WARN]: To change this, set "online-mode" to "true" in the server.properties file.
[11:08:19] [Server thread/INFO]: Preparing level "world"
[11:08:22] [Server thread/INFO]: Preparing start region for dimension minecraft:overworld
[11:08:23] [Worker-Main-14/INFO]: Preparing spawn area: 0%
[11:08:23] [Worker-Main-11/INFO]: Preparing spawn area: 0%
[11:08:25] [Worker-Main-10/INFO]: Preparing spawn area: 0%
[11:08:25] [Worker-Main-10/INFO]: Preparing spawn area: 0%
[11:08:25] [Worker-Main-10/INFO]: Preparing spawn area: 0%
[11:08:25] [Worker-Main-8/INFO]: Preparing spawn area: 0%
[11:08:25] [Worker-Main-14/INFO]: Preparing spawn area: 0%
[11:08:26] [Worker-Main-4/INFO]: Preparing spawn area: 1%
[11:08:26] [Worker-Main-6/INFO]: Preparing spawn area: 2%
[11:08:27] [Worker-Main-10/INFO]: Preparing spawn area: 5%
[11:08:27] [Worker-Main-13/INFO]: Preparing spawn area: 9%
[11:08:28] [Worker-Main-2/INFO]: Preparing spawn area: 10%
[11:08:28] [Worker-Main-1/INFO]: Preparing spawn area: 14%
[11:08:29] [Worker-Main-14/INFO]: Preparing spawn area: 16%
[11:08:29] [Worker-Main-15/INFO]: Preparing spawn area: 21%
[11:08:30] [Worker-Main-3/INFO]: Preparing spawn area: 23%
[11:08:30] [Worker-Main-6/INFO]: Preparing spawn area: 25%
[11:08:31] [Worker-Main-14/INFO]: Preparing spawn area: 30%
[11:08:31] [Worker-Main-5/INFO]: Preparing spawn area: 33%
[11:08:32] [Worker-Main-9/INFO]: Preparing spawn area: 36%
[11:08:32] [Worker-Main-4/INFO]: Preparing spawn area: 37%
[11:08:33] [Worker-Main-4/INFO]: Preparing spawn area: 38%
[11:08:33] [Worker-Main-5/INFO]: Preparing spawn area: 40%
[11:08:34] [Worker-Main-8/INFO]: Preparing spawn area: 42%
[11:08:34] [Worker-Main-2/INFO]: Preparing spawn area: 46%
[11:08:35] [Worker-Main-14/INFO]: Preparing spawn area: 49%
[11:08:35] [Worker-Main-1/INFO]: Preparing spawn area: 54%
[11:08:36] [Worker-Main-3/INFO]: Preparing spawn area: 58%
[11:08:36] [Worker-Main-4/INFO]: Preparing spawn area: 61%
[11:08:37] [Worker-Main-11/INFO]: Preparing spawn area: 65%
[11:08:37] [Worker-Main-10/INFO]: Preparing spawn area: 69%
[11:08:38] [Worker-Main-7/INFO]: Preparing spawn area: 74%
[11:08:38] [Worker-Main-8/INFO]: Preparing spawn area: 77%
[11:08:39] [Worker-Main-7/INFO]: Preparing spawn area: 83%
[11:08:39] [Worker-Main-10/INFO]: Preparing spawn area: 86%
[11:08:40] [Worker-Main-14/INFO]: Preparing spawn area: 90%
[11:08:40] [Worker-Main-5/INFO]: Preparing spawn area: 96%
[11:08:41] [Server thread/INFO]: Time elapsed: 18235 ms
[11:08:41] [Server thread/INFO]: Done (21.609s)! For help, type "help"
[11:08:43] [Server thread/INFO]: Unknown or incomplete command, see below for error
[11:08:43] [Server thread/INFO]: close<--[HERE]
[11:08:46] [Server thread/INFO]: Stopping the server
[11:08:46] [Server thread/INFO]: Stopping server
[11:08:46] [Server thread/INFO]: Saving players
[11:08:46] [Server thread/INFO]: Saving worlds
[11:08:46] [Server thread/INFO]: Saving chunks for level 'ServerLevel[world]'/minecraft:overworld
[11:08:51] [Server thread/INFO]: Saving chunks for level 'ServerLevel[world]'/minecraft:the_end
[11:08:51] [Server thread/INFO]: Saving chunks for level 'ServerLevel[world]'/minecraft:the_nether
[11:08:51] [Server thread/INFO]: ThreadedAnvilChunkStorage (world): All chunks are saved
[11:08:51] [Server thread/INFO]: ThreadedAnvilChunkStorage (DIM1): All chunks are saved
[11:08:51] [Server thread/INFO]: ThreadedAnvilChunkStorage (DIM-1): All chunks are saved
[11:08:51] [Server thread/INFO]: ThreadedAnvilChunkStorage: All dimensions are saved
